<?xml version="1.0" encoding="UTF-8"?>
<!-- Generated by org.testng.reporters.JUnitReportReporter -->
<testsuite hostname="DESKTOP-KB0TAT2" failures="0" tests="1" name="testngdemopackage.facebooklogin" time="0.520" errors="0" timestamp="2023-10-18T19:50:38 IST" skipped="0">
  <testcase classname="testngdemopackage.facebooklogin" name="f" time="0.520"/>
</testsuite> <!-- testngdemopackage.facebooklogin -->
